Loading tokenized datasets
Finished Loading tokenized datasets
Device: cuda
At epoch 0, batch 0, loss = 10.855
At epoch 0, batch 1500, loss = 4.027
At epoch 0, batch 3000, loss = 3.951
At epoch 0, batch 4500, loss = 3.685
At epoch 0, batch 6000, loss = 3.658
At epoch 0, batch 7500, loss = 3.352
At epoch 0, batch 9000, loss = 3.468
At epoch 0, batch 10500, loss = 3.448
At epoch 0, batch 12000, loss = 3.145
At epoch 0, batch 13500, loss = 3.315
At epoch 0, batch 15000, loss = 3.296
At epoch 0, batch 16500, loss = 3.091
At epoch 0, batch 18000, loss = 3.189
At epoch 0, batch 19500, loss = 2.957
At epoch 0, batch 21000, loss = 2.725
At epoch 0, batch 22500, loss = 2.902
At epoch 0, batch 24000, loss = 2.827
#
Perplexity for the epoch is: 15.600
#
At epoch 1, batch 0, loss = 2.913
At epoch 1, batch 1500, loss = 2.518
At epoch 1, batch 3000, loss = 2.652
At epoch 1, batch 4500, loss = 2.581
At epoch 1, batch 6000, loss = 2.566
At epoch 1, batch 7500, loss = 2.351
At epoch 1, batch 9000, loss = 2.521
At epoch 1, batch 10500, loss = 2.506
At epoch 1, batch 12000, loss = 2.149
At epoch 1, batch 13500, loss = 2.475
At epoch 1, batch 15000, loss = 2.388
At epoch 1, batch 16500, loss = 2.099
At epoch 1, batch 18000, loss = 2.377
At epoch 1, batch 19500, loss = 1.974
At epoch 1, batch 21000, loss = 1.776
At epoch 1, batch 22500, loss = 2.173
At epoch 1, batch 24000, loss = 1.958
#
Perplexity for the epoch is: 7.338
#
At epoch 2, batch 0, loss = 2.124
At epoch 2, batch 1500, loss = 1.760
At epoch 2, batch 3000, loss = 1.886
At epoch 2, batch 4500, loss = 2.009
At epoch 2, batch 6000, loss = 1.826
At epoch 2, batch 7500, loss = 1.717
At epoch 2, batch 9000, loss = 1.913
At epoch 2, batch 10500, loss = 1.990
At epoch 2, batch 12000, loss = 1.631
At epoch 2, batch 13500, loss = 1.853
At epoch 2, batch 15000, loss = 1.848
At epoch 2, batch 16500, loss = 1.697
At epoch 2, batch 18000, loss = 1.991
At epoch 2, batch 19500, loss = 1.579
At epoch 2, batch 21000, loss = 1.444
At epoch 2, batch 22500, loss = 1.815
At epoch 2, batch 24000, loss = 1.681
#
Perplexity for the epoch is: 5.553
#

#Saving to ..
#
