Loading tokenized datasets
Finished Loading tokenized datasets
Initialized new model
Device: cuda
At epoch 0, batch 0, loss = 10.859
At epoch 0, batch 1500, loss = 4.570
At epoch 0, batch 3000, loss = 4.074
At epoch 0, batch 4500, loss = 3.811
At epoch 0, batch 6000, loss = 4.181
At epoch 0, batch 7500, loss = 4.021
At epoch 0, batch 9000, loss = 4.039
At epoch 0, batch 10500, loss = 3.796
At epoch 0, batch 12000, loss = 3.563
At epoch 0, batch 13500, loss = 3.709
At epoch 0, batch 15000, loss = 3.720
At epoch 0, batch 16500, loss = 3.641
At epoch 0, batch 18000, loss = 3.705
At epoch 0, batch 19500, loss = 3.458
At epoch 0, batch 21000, loss = 3.750
At epoch 0, batch 22500, loss = 3.489
At epoch 0, batch 24000, loss = 3.775
#
Perplexity for the epoch is: 36.603 and the loss is 4645.209
#
At epoch 1, batch 0, loss = 3.517
At epoch 1, batch 1500, loss = 3.636
At epoch 1, batch 3000, loss = 3.427
At epoch 1, batch 4500, loss = 3.306
At epoch 1, batch 6000, loss = 3.676
At epoch 1, batch 7500, loss = 3.674
At epoch 1, batch 9000, loss = 3.634
At epoch 1, batch 10500, loss = 3.510
At epoch 1, batch 12000, loss = 3.269
At epoch 1, batch 13500, loss = 3.490
